<?xml version="1.0" encoding="UTF-8"?>
<testng-results ignored="0" total="1" passed="1" failed="0" skipped="0">
  <reporter-output>
  </reporter-output>
  <suite started-at="2022-10-04T17:53:34 IST" name="Default suite" finished-at="2022-10-04T17:53:40 IST" duration-ms="5848">
    <groups>
    </groups>
    <test started-at="2022-10-04T17:53:34 IST" name="Default test" finished-at="2022-10-04T17:53:40 IST" duration-ms="5848">
      <class name="com.nopcom.testcases.Test001_HomePage">
        <test-method is-config="true" signature="setup()[pri:0, instance:com.nopcom.testcases.Test001_HomePage@12aba8be]" started-at="2022-10-04T17:53:34 IST" name="setup" finished-at="2022-10-04T17:53:39 IST" duration-ms="4482" status="PASS">
          <reporter-output>
          </reporter-output>
        </test-method> <!-- setup -->
        <test-method signature="testLogo()[pri:0, instance:com.nopcom.testcases.Test001_HomePage@12aba8be]" started-at="2022-10-04T17:53:39 IST" name="testLogo" finished-at="2022-10-04T17:53:39 IST" duration-ms="136" status="PASS">
          <reporter-output>
          </reporter-output>
        </test-method> <!-- testLogo -->
        <test-method is-config="true" signature="tearDown()[pri:0, instance:com.nopcom.testcases.Test001_HomePage@12aba8be]" started-at="2022-10-04T17:53:39 IST" name="tearDown" finished-at="2022-10-04T17:53:40 IST" duration-ms="1200" status="PASS">
          <reporter-output>
          </reporter-output>
        </test-method> <!-- tearDown -->
      </class> <!-- com.nopcom.testcases.Test001_HomePage -->
    </test> <!-- Default test -->
  </suite> <!-- Default suite -->
</testng-results>
